#
# A fatal error has been detected by the Java Runtime Environment:
#
#  Internal Error (javaClasses.cpp:129), pid=5740, tid=4424
#  fatal error: Invalid layout of preloaded class
#
# JRE version: 7.0_07-b10
# Java VM: Java HotSpot(TM) 64-Bit Server VM (23.3-b01 mixed mode windows-amd64 compressed oops)
# Failed to write core dump. Minidumps are not enabled by default on client versions of Windows
#
# If you would like to submit a bug report, please visit:
#   http://bugreport.sun.com/bugreport/crash.jsp
#

---------------  T H R E A D  ---------------

Current thread (0x000000000264c800):  JavaThread "Unknown thread" [_thread_in_vm, id=4424, stack(0x0000000002730000,0x0000000002830000)]

Stack: [0x0000000002730000,0x0000000002830000]

---------------  P R O C E S S  ---------------

Java Threads: ( => current thread )

Other Threads:

=>0x000000000264c800 (exited) JavaThread "Unknown thread" [_thread_in_vm, id=4424, stack(0x0000000002730000,0x0000000002830000)]

VM state:not at safepoint (not fully initialized)

VM Mutex/Monitor currently owned by a thread: None

GC Heap History (0 events):
No events

Deoptimization events (0 events):
No events

Internal exceptions (0 events):
No events

Events (10 events):
Event: 0.141 loading class 0x00000000024f0500 done
Event: 0.141 loading class 0x00000000024b2680 done
Event: 0.141 loading class 0x00000000024b2650
Event: 0.142 loading class 0x00000000024fdd50
Event: 0.142 loading class 0x00000000024fdd50 done
Event: 0.142 loading class 0x00000000024fdd90
Event: 0.142 loading class 0x00000000024fdd90 done
Event: 0.142 loading class 0x0000000008bbca00
Event: 0.142 loading class 0x0000000008bbca00 done
Event: 0.142 loading class 0x00000000024b2650 done


Dynamic libraries:
0x000000013f1a0000 - 0x000000013f1d4000 	C:\Program Files\Java\jre7\bin\javaw.exe
0x0000000077a30000 - 0x0000000077bd9000 	C:\Windows\SYSTEM32\ntdll.dll
0x0000000077450000 - 0x000000007756f000 	C:\Windows\system32\kernel32.dll
0x000007fefdf60000 - 0x000007fefdfcc000 	C:\Windows\system32\KERNELBASE.dll
0x000007fefe600000 - 0x000007fefe6db000 	C:\Windows\system32\ADVAPI32.dll
0x000007fefe510000 - 0x000007fefe5af000 	C:\Windows\system32\msvcrt.dll
0x000007fefe6e0000 - 0x000007fefe6ff000 	C:\Windows\SYSTEM32\sechost.dll
0x000007feff850000 - 0x000007feff97d000 	C:\Windows\system32\RPCRT4.dll
0x0000000077350000 - 0x000000007744a000 	C:\Windows\system32\USER32.dll
0x000007fefe4a0000 - 0x000007fefe507000 	C:\Windows\system32\GDI32.dll
0x000007fefea00000 - 0x000007fefea0e000 	C:\Windows\system32\LPK.dll
0x000007fefe930000 - 0x000007fefe9f9000 	C:\Windows\system32\USP10.dll
0x000007fefc5c0000 - 0x000007fefc7b4000 	C:\Windows\WinSxS\amd64_microsoft.windows.common-controls_6595b64144ccf1df_6.0.7601.17514_none_fa396087175ac9ac\COMCTL32.dll
0x000007feff980000 - 0x000007feff9f1000 	C:\Windows\system32\SHLWAPI.dll
0x000007feffb20000 - 0x000007feffb4e000 	C:\Windows\system32\IMM32.DLL
0x000007feffc30000 - 0x000007feffd39000 	C:\Windows\system32\MSCTF.dll
0x0000000069a30000 - 0x0000000069b01000 	C:\Program Files\Java\jre7\bin\msvcr100.dll
0x0000000069310000 - 0x0000000069a2f000 	C:\Program Files\Java\jre7\bin\server\jvm.dll
0x000007fef15d0000 - 0x000007fef15d9000 	C:\Windows\system32\WSOCK32.dll
0x000007fefe5b0000 - 0x000007fefe5fd000 	C:\Windows\system32\WS2_32.dll
0x000007feff840000 - 0x000007feff848000 	C:\Windows\system32\NSI.dll
0x000007fefc7c0000 - 0x000007fefc7fb000 	C:\Windows\system32\WINMM.dll
0x0000000077c00000 - 0x0000000077c07000 	C:\Windows\system32\PSAPI.DLL
0x0000000074970000 - 0x000000007497f000 	C:\Program Files\Java\jre7\bin\verify.dll
0x000000006b000000 - 0x000000006b028000 	C:\Program Files\Java\jre7\bin\java.dll
0x0000000068990000 - 0x00000000689a5000 	C:\Program Files\Java\jre7\bin\zip.dll

VM Arguments:
jvm_args: -Dfile.encoding=UTF-8 -Xbootclasspath:E:\adt-bundle-windows-x86_64-20130219\sdk\platforms\android-17\android.jar 
java_command: com.musescard.net.HttpUtils
Launcher Type: SUN_STANDARD

Environment Variables:
JAVA_HOME=C:\Program Files\Java\jdk1.7.0_07
CLASSPATH=.;C:\Program Files\Java\jdk1.7.0_07\lib\dt.jar;C:\Program Files\Java\jdk1.7.0_07\lib\tools.jar;E:\apache-tomcat-7.0.40\common\lib\servlet.jar;
PATH=C:\Program Files (x86)\ARM\ADSv1_2\bin;D:\Program Files (x86)\ARM\ADSv1_2\bin;C:\Windows\system32;C:\Windows;C:\Windows\System32\Wbem;C:\Windows\System32\WindowsPowerShell\v1.0\;D:\Program Files\Windows7Master,C:\Program Files\Java\jdk1.7.0_07\bin;C:\Program Files\Java\jdk1.7.0_07\jre\bin;C:\Program Files\Microsoft\Web Platform Installer\;C:\Program Files (x86)\Microsoft ASP.NET\ASP.NET Web Pages\v1.0\;C:\Program Files (x86)\Windows Kits\8.0\Windows Performance Toolkit\;C:\Program Files\Microsoft SQL Server\110\Tools\Binn\;E:\adt-bundle-windows-x86_64-20130219\sdk\platform-tools;E:\adt-bundle-windows-x86_64-20130219\sdk\build-tools\17.0.0;E:\android-ndk-r8d;D:\Program Files\TortoiseSVN\bin;D:\msysgit\msysgit\bin
USERNAME=Yichou
OS=Windows_NT
PROCESSOR_IDENTIFIER=Intel64 Family 6 Model 37 Stepping 5, GenuineIntel



---------------  S Y S T E M  ---------------

OS: Windows 7 , 64 bit Build 7601 Service Pack 1

CPU:total 4 (2 cores per cpu, 2 threads per core) family 6 model 37 stepping 5, cmov, cx8, fxsr, mmx, sse, sse2, sse3, ssse3, sse4.1, sse4.2, popcnt, ht, tsc, tscinvbit

Memory: 4k page, physical 3988172k(1510656k free), swap 7974484k(4558472k free)

vm_info: Java HotSpot(TM) 64-Bit Server VM (23.3-b01) for windows-amd64 JRE (1.7.0_07-b10), built on Aug 28 2012 18:28:27 by "java_re" with unknown MS VC++:1600

time: Wed May 29 22:30:24 2013
elapsed time: 0 seconds

